{"level":"info","message":"POST /login | Status: 200 | Duration: 4ms ","service":"booking-api"}
{"level":"info","message":"GET /users/d4567890-12ef-0123-4567-89abcdef0123 | Status: 200 | Duration: 3ms ","service":"booking-api"}
{"level":"info","message":"POST /login | Status: 200 | Duration: 6ms ","service":"booking-api"}
{"level":"info","message":"PUT /reviews/in | Status: 401 | Duration: 1ms ","service":"booking-api"}
{"level":"info","message":"POST /login | Status: 200 | Duration: 2ms ","service":"booking-api"}
{"level":"info","message":"GET /users:e5678901-23f0-1234-5678-9abcdef01234 | Status: 200 | Duration: 1ms ","service":"booking-api"}
{"level":"info","message":"POST /login | Status: 200 | Duration: 2ms ","service":"booking-api"}
{"level":"info","message":"GET /users | Status: 200 | Duration: 2ms ","service":"booking-api"}
{"level":"info","message":"POST /login | Status: 200 | Duration: 2ms ","service":"booking-api"}
{"level":"info","message":"GET /users/:e5678901-23f0-1234-5678-9abcdef01234 | Status: 200 | Duration: 2ms ","service":"booking-api"}
{"level":"info","message":"POST /login | Status: 200 | Duration: 2ms ","service":"booking-api"}
{"level":"info","message":"GET /users/e5678901-23f0-1234-5678-9abcdef01234 | Status: 200 | Duration: 2ms ","service":"booking-api"}
{"level":"info","message":"POST /login | Status: 200 | Duration: 2ms ","service":"booking-api"}
{"level":"info","message":"PUT /reviews/g7890123-45cd-ef01-2345-6789abcdef01 | Status: 500 | Duration: 12ms ","service":"booking-api"}
{"level":"info","message":"POST /login | Status: 200 | Duration: 2ms ","service":"booking-api"}
{"level":"info","message":"POST /login | Status: 200 | Duration: 2ms ","service":"booking-api"}
{"level":"info","message":"POST /login | Status: 200 | Duration: 1ms ","service":"booking-api"}
{"level":"info","message":"PUT /reviews/g7890123-45cd-ef01-2345-6789abcdef01 | Status: 200 | Duration: 6ms ","service":"booking-api"}
{"level":"info","message":"POST /login | Status: 200 | Duration: 4ms ","service":"booking-api"}
{"level":"info","message":"PUT /reviews/g7890123-45cd-ef01-2345-6789abcdef01 | Status: 500 | Duration: 17ms ","service":"booking-api"}
{"level":"info","message":"POST /login | Status: 200 | Duration: 5ms ","service":"booking-api"}
{"level":"info","message":"PUT /reviews/g7890123-45cd-ef01-2345-6789abcdef01 | Status: 500 | Duration: 12ms ","service":"booking-api"}
{"level":"info","message":"POST /login | Status: 200 | Duration: 4ms ","service":"booking-api"}
{"level":"info","message":"PUT /reviews/g7890123-45cd-ef01-2345-6789abcdef01 | Status: 200 | Duration: 8ms ","service":"booking-api"}
{"level":"info","message":"POST /login | Status: 200 | Duration: 4ms ","service":"booking-api"}
{"level":"info","message":"PUT /reviews/g7890123-45cd-ef01-2345-6789abcdef01 | Status: 200 | Duration: 6ms ","service":"booking-api"}
{"level":"info","message":"POST /login | Status: 200 | Duration: 4ms ","service":"booking-api"}
{"level":"info","message":"PUT /reviews/g7890123-45cd-ef01-2345-6789abcdef01 | Status: 200 | Duration: 5ms ","service":"booking-api"}
{"level":"info","message":"POST /login | Status: 200 | Duration: 6ms ","service":"booking-api"}
{"level":"info","message":"PUT /reviews/g7890123-45cd-ef01-2345-6789abcdef01 | Status: 200 | Duration: 13ms ","service":"booking-api"}
{"level":"info","message":"POST /login | Status: 200 | Duration: 2ms ","service":"booking-api"}
{"level":"info","message":"PUT /reviews/g7890123-45cd-ef01-2345-6789abcdef01 | Status: 401 | Duration: 1ms ","service":"booking-api"}
{"level":"info","message":"POST /login | Status: 200 | Duration: 1ms ","service":"booking-api"}
{"level":"info","message":"POST /login | Status: 200 | Duration: 1ms ","service":"booking-api"}
{"level":"info","message":"POST /login | Status: 200 | Duration: 1ms ","service":"booking-api"}
{"level":"info","message":"PUT /reviews/g7890123-45cd-ef01-2345-6789abcdef01 | Status: 200 | Duration: 3ms ","service":"booking-api"}
{"level":"info","message":"POST /login | Status: 200 | Duration: 2ms ","service":"booking-api"}
{"level":"info","message":"PUT /reviews/g7890123-45cd-ef01-2345-6789abcdef01 | Status: 200 | Duration: 6ms ","service":"booking-api"}
{"level":"info","message":"POST /login | Status: 200 | Duration: 4ms ","service":"booking-api"}
{"level":"info","message":"PUT /reviews/g7890123-45cd-ef01-2345-6789abcdef01 | Status: 200 | Duration: 8ms ","service":"booking-api"}
{"level":"info","message":"POST /login | Status: 200 | Duration: 2ms ","service":"booking-api"}
{"level":"info","message":"PUT /reviews/g7890123-45cd-ef01-2345-6789abcdef01 | Status: 200 | Duration: 7ms ","service":"booking-api"}
{"level":"info","message":"POST /login | Status: 200 | Duration: 4ms ","service":"booking-api"}
{"level":"info","message":"PUT /reviews/g7890123-45cd-ef01-2345-6789abcdef01 | Status: 200 | Duration: 8ms ","service":"booking-api"}
{"level":"info","message":"POST /login | Status: 200 | Duration: 4ms ","service":"booking-api"}
{"level":"info","message":"PUT /reviews/g7890123-45cd-ef01-2345-6789abcdef01 | Status: 200 | Duration: 8ms ","service":"booking-api"}
{"level":"info","message":"POST /login | Status: 200 | Duration: 5ms ","service":"booking-api"}
{"level":"info","message":"PUT /reviews/g7890123-45cd-ef01-2345-6789abcdef01 | Status: 200 | Duration: 9ms ","service":"booking-api"}
{"level":"info","message":"POST /login | Status: 200 | Duration: 3ms ","service":"booking-api"}
{"level":"info","message":"PUT /reviews/g7890123-45cd-ef01-2345-6789abcdef01 | Status: 200 | Duration: 4ms ","service":"booking-api"}
{"level":"info","message":"POST /login | Status: 200 | Duration: 5ms ","service":"booking-api"}
{"level":"info","message":"PUT /reviews/g7890123-45cd-ef01-2345-6789abcdef01 | Status: 200 | Duration: 9ms ","service":"booking-api"}
{"level":"info","message":"POST /login | Status: 200 | Duration: 5ms ","service":"booking-api"}
{"level":"info","message":"PUT /reviews/g7890123-45cd-ef01-2345-6789abcdef01 | Status: 200 | Duration: 7ms ","service":"booking-api"}
{"level":"info","message":"POST /login | Status: 200 | Duration: 4ms ","service":"booking-api"}
{"level":"info","message":"PUT /reviews/g7890123-45cd-ef01-2345-6789abcdef01 | Status: 200 | Duration: 6ms ","service":"booking-api"}
{"level":"info","message":"POST /login | Status: 200 | Duration: 5ms ","service":"booking-api"}
{"level":"info","message":"GET /users/e5678901-23f0-1234-5678-9abcdef01234 | Status: 200 | Duration: 2ms ","service":"booking-api"}
{"level":"info","message":"POST /login | Status: 200 | Duration: 2ms ","service":"booking-api"}
{"level":"info","message":"PUT /users/e5678901-23f0-1234-5678-9abcdef01234 | Status: 401 | Duration: 2ms ","service":"booking-api"}
{"level":"info","message":"POST /login | Status: 200 | Duration: 1ms ","service":"booking-api"}
{"level":"info","message":"DELETE /users/e5678901-23f0-1234-5678-9abcdef01234 | Status: 401 | Duration: 0ms ","service":"booking-api"}
{"level":"info","message":"POST /login | Status: 200 | Duration: 2ms ","service":"booking-api"}
{"level":"info","message":"GET /users | Status: 200 | Duration: 2ms ","service":"booking-api"}
{"level":"info","message":"POST /login | Status: 200 | Duration: 1ms ","service":"booking-api"}
{"level":"info","message":"POST /users | Status: 401 | Duration: 1ms ","service":"booking-api"}
{"level":"info","message":"POST /login | Status: 200 | Duration: 2ms ","service":"booking-api"}
{"level":"info","message":"GET /hosts/e2345678-90bc-def0-0123-456789abcdef | Status: 200 | Duration: 2ms ","service":"booking-api"}
{"level":"info","message":"POST /login | Status: 200 | Duration: 2ms ","service":"booking-api"}
{"level":"info","message":"PUT /hosts/e2345678-90bc-def0-0123-456789abcdef | Status: 401 | Duration: 1ms ","service":"booking-api"}
{"level":"info","message":"POST /login | Status: 200 | Duration: 1ms ","service":"booking-api"}
{"level":"info","message":"DELETE /hosts/e2345678-90bc-def0-0123-456789abcdef | Status: 401 | Duration: 0ms ","service":"booking-api"}
{"level":"info","message":"POST /login | Status: 200 | Duration: 1ms ","service":"booking-api"}
{"level":"info","message":"GET /hosts | Status: 200 | Duration: 2ms ","service":"booking-api"}
{"level":"info","message":"POST /login | Status: 200 | Duration: 1ms ","service":"booking-api"}
{"level":"info","message":"POST /hosts | Status: 401 | Duration: 0ms ","service":"booking-api"}
{"level":"info","message":"POST /login | Status: 200 | Duration: 2ms ","service":"booking-api"}
{"level":"info","message":"GET /properties/i1234567-89f0-1234-5678-9abcdef01234 | Status: 200 | Duration: 3ms ","service":"booking-api"}
{"level":"info","message":"POST /login | Status: 200 | Duration: 2ms ","service":"booking-api"}
{"level":"info","message":"PUT /properties/i1234567-89f0-1234-5678-9abcdef01234 | Status: 401 | Duration: 1ms ","service":"booking-api"}
{"level":"info","message":"POST /login | Status: 200 | Duration: 1ms ","service":"booking-api"}
{"level":"info","message":"DELETE /properties/i1234567-89f0-1234-5678-9abcdef01234 | Status: 401 | Duration: 1ms ","service":"booking-api"}
{"level":"info","message":"POST /login | Status: 200 | Duration: 1ms ","service":"booking-api"}
{"level":"info","message":"GET /properties | Status: 200 | Duration: 4ms ","service":"booking-api"}
{"level":"info","message":"POST /login | Status: 200 | Duration: 2ms ","service":"booking-api"}
{"level":"info","message":"POST /properties | Status: 401 | Duration: 0ms ","service":"booking-api"}
{"level":"info","message":"POST /login | Status: 200 | Duration: 2ms ","service":"booking-api"}
{"level":"info","message":"GET /amenities/u3456789-01rs-tuvw-01cd-ef0123456789 | Status: 200 | Duration: 2ms ","service":"booking-api"}
{"level":"info","message":"POST /login | Status: 200 | Duration: 2ms ","service":"booking-api"}
{"level":"info","message":"PUT /amenities/u3456789-01rs-tuvw-01cd-ef0123456789 | Status: 401 | Duration: 0ms ","service":"booking-api"}
{"level":"info","message":"POST /login | Status: 200 | Duration: 1ms ","service":"booking-api"}
{"level":"info","message":"DELETE /amenities/u3456789-01rs-tuvw-01cd-ef0123456789 | Status: 401 | Duration: 1ms ","service":"booking-api"}
{"level":"info","message":"POST /login | Status: 200 | Duration: 2ms ","service":"booking-api"}
{"level":"info","message":"GET /amenities | Status: 200 | Duration: 4ms ","service":"booking-api"}
{"level":"info","message":"POST /login | Status: 200 | Duration: 2ms ","service":"booking-api"}
{"level":"info","message":"POST /amenities | Status: 401 | Duration: 0ms ","service":"booking-api"}
{"level":"info","message":"POST /login | Status: 200 | Duration: 1ms ","service":"booking-api"}
{"level":"info","message":"GET /bookings/f0123456-78ab-cdef-0123-456789abcdef | Status: 200 | Duration: 4ms ","service":"booking-api"}
{"level":"info","message":"POST /login | Status: 200 | Duration: 1ms ","service":"booking-api"}
{"level":"info","message":"PUT /bookings/f0123456-78ab-cdef-0123-456789abcdef | Status: 401 | Duration: 1ms ","service":"booking-api"}
{"level":"info","message":"POST /login | Status: 200 | Duration: 2ms ","service":"booking-api"}
{"level":"info","message":"DELETE /bookings/f0123456-78ab-cdef-0123-456789abcdef | Status: 401 | Duration: 1ms ","service":"booking-api"}
{"level":"info","message":"POST /login | Status: 200 | Duration: 2ms ","service":"booking-api"}
{"level":"info","message":"GET /bookings | Status: 200 | Duration: 1ms ","service":"booking-api"}
{"level":"info","message":"POST /login | Status: 200 | Duration: 1ms ","service":"booking-api"}
{"level":"info","message":"POST /bookings | Status: 401 | Duration: 0ms ","service":"booking-api"}
{"level":"info","message":"POST /login | Status: 200 | Duration: 2ms ","service":"booking-api"}
{"level":"info","message":"GET /reviews/j0123456-78f0-1234-5678-9abcdef01234 | Status: 200 | Duration: 2ms ","service":"booking-api"}
{"level":"info","message":"POST /login | Status: 200 | Duration: 2ms ","service":"booking-api"}
{"level":"info","message":"PUT /reviews/j0123456-78f0-1234-5678-9abcdef01234 | Status: 401 | Duration: 1ms ","service":"booking-api"}
{"level":"info","message":"POST /login | Status: 200 | Duration: 2ms ","service":"booking-api"}
{"level":"info","message":"DELETE /reviews/j0123456-78f0-1234-5678-9abcdef01234 | Status: 401 | Duration: 1ms ","service":"booking-api"}
{"level":"info","message":"POST /login | Status: 200 | Duration: 2ms ","service":"booking-api"}
{"level":"info","message":"GET /reviews | Status: 200 | Duration: 1ms ","service":"booking-api"}
{"level":"info","message":"POST /login | Status: 200 | Duration: 2ms ","service":"booking-api"}
{"level":"info","message":"POST /reviews | Status: 401 | Duration: 0ms ","service":"booking-api"}
{"level":"info","message":"POST /login | Status: 200 | Duration: 1ms ","service":"booking-api"}
{"level":"info","message":"POST /login | Status: 200 | Duration: 2ms ","service":"booking-api"}
{"level":"info","message":"POST /login | Status: 200 | Duration: 4ms ","service":"booking-api"}
{"level":"info","message":"GET /users/e5678901-23f0-1234-5678-9abcdef01234 | Status: 200 | Duration: 2ms ","service":"booking-api"}
{"level":"info","message":"POST /login | Status: 200 | Duration: 3ms ","service":"booking-api"}
{"level":"info","message":"PUT /users/e5678901-23f0-1234-5678-9abcdef01234 | Status: 401 | Duration: 1ms ","service":"booking-api"}
{"level":"info","message":"POST /login | Status: 200 | Duration: 2ms ","service":"booking-api"}
{"level":"info","message":"DELETE /users/e5678901-23f0-1234-5678-9abcdef01234 | Status: 401 | Duration: 1ms ","service":"booking-api"}
{"level":"info","message":"POST /login | Status: 200 | Duration: 2ms ","service":"booking-api"}
{"level":"info","message":"GET /users | Status: 200 | Duration: 3ms ","service":"booking-api"}
{"level":"info","message":"POST /login | Status: 200 | Duration: 1ms ","service":"booking-api"}
{"level":"info","message":"POST /users | Status: 401 | Duration: 1ms ","service":"booking-api"}
{"level":"info","message":"POST /login | Status: 200 | Duration: 2ms ","service":"booking-api"}
{"level":"info","message":"GET /hosts/e2345678-90bc-def0-0123-456789abcdef | Status: 200 | Duration: 3ms ","service":"booking-api"}
{"level":"info","message":"POST /login | Status: 200 | Duration: 2ms ","service":"booking-api"}
{"level":"info","message":"PUT /hosts/e2345678-90bc-def0-0123-456789abcdef | Status: 401 | Duration: 0ms ","service":"booking-api"}
{"level":"info","message":"POST /login | Status: 200 | Duration: 1ms ","service":"booking-api"}
{"level":"info","message":"DELETE /hosts/e2345678-90bc-def0-0123-456789abcdef | Status: 401 | Duration: 1ms ","service":"booking-api"}
{"level":"info","message":"POST /login | Status: 200 | Duration: 2ms ","service":"booking-api"}
{"level":"info","message":"GET /hosts | Status: 200 | Duration: 2ms ","service":"booking-api"}
{"level":"info","message":"POST /login | Status: 200 | Duration: 1ms ","service":"booking-api"}
{"level":"info","message":"POST /hosts | Status: 401 | Duration: 1ms ","service":"booking-api"}
{"level":"info","message":"POST /login | Status: 200 | Duration: 2ms ","service":"booking-api"}
{"level":"info","message":"GET /properties/i1234567-89f0-1234-5678-9abcdef01234 | Status: 200 | Duration: 4ms ","service":"booking-api"}
{"level":"info","message":"POST /login | Status: 200 | Duration: 2ms ","service":"booking-api"}
{"level":"info","message":"PUT /properties/i1234567-89f0-1234-5678-9abcdef01234 | Status: 401 | Duration: 1ms ","service":"booking-api"}
{"level":"info","message":"POST /login | Status: 200 | Duration: 1ms ","service":"booking-api"}
{"level":"info","message":"DELETE /properties/i1234567-89f0-1234-5678-9abcdef01234 | Status: 401 | Duration: 1ms ","service":"booking-api"}
{"level":"info","message":"POST /login | Status: 200 | Duration: 2ms ","service":"booking-api"}
{"level":"info","message":"GET /properties | Status: 200 | Duration: 3ms ","service":"booking-api"}
{"level":"info","message":"POST /login | Status: 200 | Duration: 2ms ","service":"booking-api"}
{"level":"info","message":"POST /properties | Status: 401 | Duration: 0ms ","service":"booking-api"}
{"level":"info","message":"POST /login | Status: 200 | Duration: 1ms ","service":"booking-api"}
{"level":"info","message":"GET /amenities/u3456789-01rs-tuvw-01cd-ef0123456789 | Status: 200 | Duration: 2ms ","service":"booking-api"}
{"level":"info","message":"POST /login | Status: 200 | Duration: 1ms ","service":"booking-api"}
{"level":"info","message":"PUT /amenities/u3456789-01rs-tuvw-01cd-ef0123456789 | Status: 401 | Duration: 1ms ","service":"booking-api"}
{"level":"info","message":"POST /login | Status: 200 | Duration: 2ms ","service":"booking-api"}
{"level":"info","message":"DELETE /amenities/u3456789-01rs-tuvw-01cd-ef0123456789 | Status: 401 | Duration: 1ms ","service":"booking-api"}
{"level":"info","message":"POST /login | Status: 200 | Duration: 2ms ","service":"booking-api"}
{"level":"info","message":"GET /amenities | Status: 200 | Duration: 3ms ","service":"booking-api"}
{"level":"info","message":"POST /login | Status: 200 | Duration: 1ms ","service":"booking-api"}
{"level":"info","message":"POST /amenities | Status: 401 | Duration: 0ms ","service":"booking-api"}
{"level":"info","message":"POST /login | Status: 200 | Duration: 1ms ","service":"booking-api"}
{"level":"info","message":"GET /bookings/f0123456-78ab-cdef-0123-456789abcdef | Status: 200 | Duration: 2ms ","service":"booking-api"}
{"level":"info","message":"POST /login | Status: 200 | Duration: 1ms ","service":"booking-api"}
{"level":"info","message":"PUT /bookings/f0123456-78ab-cdef-0123-456789abcdef | Status: 401 | Duration: 1ms ","service":"booking-api"}
{"level":"info","message":"POST /login | Status: 200 | Duration: 1ms ","service":"booking-api"}
{"level":"info","message":"DELETE /bookings/f0123456-78ab-cdef-0123-456789abcdef | Status: 401 | Duration: 1ms ","service":"booking-api"}
{"level":"info","message":"POST /login | Status: 200 | Duration: 2ms ","service":"booking-api"}
{"level":"info","message":"GET /bookings | Status: 200 | Duration: 1ms ","service":"booking-api"}
{"level":"info","message":"POST /login | Status: 200 | Duration: 1ms ","service":"booking-api"}
{"level":"info","message":"POST /bookings | Status: 401 | Duration: 0ms ","service":"booking-api"}
{"level":"info","message":"POST /login | Status: 200 | Duration: 3ms ","service":"booking-api"}
{"level":"info","message":"GET /reviews/j0123456-78f0-1234-5678-9abcdef01234 | Status: 200 | Duration: 2ms ","service":"booking-api"}
{"level":"info","message":"POST /login | Status: 200 | Duration: 2ms ","service":"booking-api"}
{"level":"info","message":"PUT /reviews/j0123456-78f0-1234-5678-9abcdef01234 | Status: 401 | Duration: 1ms ","service":"booking-api"}
{"level":"info","message":"POST /login | Status: 200 | Duration: 2ms ","service":"booking-api"}
{"level":"info","message":"DELETE /reviews/j0123456-78f0-1234-5678-9abcdef01234 | Status: 401 | Duration: 1ms ","service":"booking-api"}
{"level":"info","message":"POST /login | Status: 200 | Duration: 1ms ","service":"booking-api"}
{"level":"info","message":"GET /reviews | Status: 200 | Duration: 2ms ","service":"booking-api"}
{"level":"info","message":"POST /login | Status: 200 | Duration: 2ms ","service":"booking-api"}
{"level":"info","message":"POST /reviews | Status: 401 | Duration: 1ms ","service":"booking-api"}
{"level":"info","message":"POST /login | Status: 200 | Duration: 1ms ","service":"booking-api"}
{"level":"info","message":"POST /login | Status: 200 | Duration: 1ms ","service":"booking-api"}
{"level":"info","message":"POST /bookings | Status: 200 | Duration: 13ms ","service":"booking-api"}
{"level":"info","message":"POST /login | Status: 200 | Duration: 4ms ","service":"booking-api"}
{"level":"info","message":"GET /users/e5678901-23f0-1234-5678-9abcdef01234 | Status: 200 | Duration: 2ms ","service":"booking-api"}
{"level":"info","message":"POST /login | Status: 200 | Duration: 3ms ","service":"booking-api"}
{"level":"info","message":"PUT /users/e5678901-23f0-1234-5678-9abcdef01234 | Status: 401 | Duration: 2ms ","service":"booking-api"}
{"level":"info","message":"POST /login | Status: 200 | Duration: 3ms ","service":"booking-api"}
{"level":"info","message":"DELETE /users/e5678901-23f0-1234-5678-9abcdef01234 | Status: 401 | Duration: 1ms ","service":"booking-api"}
{"level":"info","message":"POST /login | Status: 200 | Duration: 1ms ","service":"booking-api"}
{"level":"info","message":"GET /users | Status: 200 | Duration: 2ms ","service":"booking-api"}
{"level":"info","message":"POST /login | Status: 200 | Duration: 2ms ","service":"booking-api"}
{"level":"info","message":"POST /users | Status: 401 | Duration: 1ms ","service":"booking-api"}
{"level":"info","message":"POST /login | Status: 200 | Duration: 2ms ","service":"booking-api"}
{"level":"info","message":"GET /hosts/e2345678-90bc-def0-0123-456789abcdef | Status: 200 | Duration: 4ms ","service":"booking-api"}
{"level":"info","message":"POST /login | Status: 200 | Duration: 2ms ","service":"booking-api"}
{"level":"info","message":"PUT /hosts/e2345678-90bc-def0-0123-456789abcdef | Status: 401 | Duration: 1ms ","service":"booking-api"}
{"level":"info","message":"POST /login | Status: 200 | Duration: 1ms ","service":"booking-api"}
{"level":"info","message":"DELETE /hosts/e2345678-90bc-def0-0123-456789abcdef | Status: 401 | Duration: 1ms ","service":"booking-api"}
{"level":"info","message":"POST /login | Status: 200 | Duration: 2ms ","service":"booking-api"}
{"level":"info","message":"GET /hosts | Status: 200 | Duration: 2ms ","service":"booking-api"}
{"level":"info","message":"POST /login | Status: 200 | Duration: 1ms ","service":"booking-api"}
{"level":"info","message":"POST /hosts | Status: 401 | Duration: 1ms ","service":"booking-api"}
{"level":"info","message":"POST /login | Status: 200 | Duration: 3ms ","service":"booking-api"}
{"level":"info","message":"GET /properties/i1234567-89f0-1234-5678-9abcdef01234 | Status: 200 | Duration: 1ms ","service":"booking-api"}
{"level":"info","message":"POST /login | Status: 200 | Duration: 3ms ","service":"booking-api"}
{"level":"info","message":"PUT /properties/i1234567-89f0-1234-5678-9abcdef01234 | Status: 401 | Duration: 1ms ","service":"booking-api"}
{"level":"info","message":"POST /login | Status: 200 | Duration: 3ms ","service":"booking-api"}
{"level":"info","message":"DELETE /properties/i1234567-89f0-1234-5678-9abcdef01234 | Status: 401 | Duration: 0ms ","service":"booking-api"}
{"level":"info","message":"POST /login | Status: 200 | Duration: 2ms ","service":"booking-api"}
{"level":"info","message":"GET /properties | Status: 200 | Duration: 2ms ","service":"booking-api"}
{"level":"info","message":"POST /login | Status: 200 | Duration: 2ms ","service":"booking-api"}
{"level":"info","message":"POST /properties | Status: 401 | Duration: 0ms ","service":"booking-api"}
{"level":"info","message":"POST /login | Status: 200 | Duration: 2ms ","service":"booking-api"}
{"level":"info","message":"GET /amenities/u3456789-01rs-tuvw-01cd-ef0123456789 | Status: 200 | Duration: 2ms ","service":"booking-api"}
{"level":"info","message":"POST /login | Status: 200 | Duration: 2ms ","service":"booking-api"}
{"level":"info","message":"PUT /amenities/u3456789-01rs-tuvw-01cd-ef0123456789 | Status: 401 | Duration: 1ms ","service":"booking-api"}
{"level":"info","message":"POST /login | Status: 200 | Duration: 2ms ","service":"booking-api"}
{"level":"info","message":"DELETE /amenities/u3456789-01rs-tuvw-01cd-ef0123456789 | Status: 401 | Duration: 2ms ","service":"booking-api"}
{"level":"info","message":"POST /login | Status: 200 | Duration: 2ms ","service":"booking-api"}
{"level":"info","message":"GET /amenities | Status: 200 | Duration: 2ms ","service":"booking-api"}
{"level":"info","message":"POST /login | Status: 200 | Duration: 2ms ","service":"booking-api"}
{"level":"info","message":"POST /amenities | Status: 401 | Duration: 0ms ","service":"booking-api"}
{"level":"info","message":"POST /login | Status: 200 | Duration: 2ms ","service":"booking-api"}
{"level":"info","message":"GET /bookings/f0123456-78ab-cdef-0123-456789abcdef | Status: 200 | Duration: 2ms ","service":"booking-api"}
{"level":"info","message":"POST /login | Status: 200 | Duration: 2ms ","service":"booking-api"}
{"level":"info","message":"PUT /bookings/f0123456-78ab-cdef-0123-456789abcdef | Status: 401 | Duration: 1ms ","service":"booking-api"}
{"level":"info","message":"POST /login | Status: 200 | Duration: 2ms ","service":"booking-api"}
{"level":"info","message":"DELETE /bookings/f0123456-78ab-cdef-0123-456789abcdef | Status: 401 | Duration: 1ms ","service":"booking-api"}
{"level":"info","message":"POST /login | Status: 200 | Duration: 2ms ","service":"booking-api"}
{"level":"info","message":"GET /bookings | Status: 200 | Duration: 2ms ","service":"booking-api"}
{"level":"info","message":"POST /login | Status: 200 | Duration: 3ms ","service":"booking-api"}
{"level":"info","message":"POST /bookings | Status: 401 | Duration: 1ms ","service":"booking-api"}
{"level":"info","message":"POST /login | Status: 200 | Duration: 2ms ","service":"booking-api"}
{"level":"info","message":"GET /reviews/j0123456-78f0-1234-5678-9abcdef01234 | Status: 200 | Duration: 2ms ","service":"booking-api"}
{"level":"info","message":"POST /login | Status: 200 | Duration: 2ms ","service":"booking-api"}
{"level":"info","message":"PUT /reviews/j0123456-78f0-1234-5678-9abcdef01234 | Status: 401 | Duration: 1ms ","service":"booking-api"}
{"level":"info","message":"POST /login | Status: 200 | Duration: 2ms ","service":"booking-api"}
{"level":"info","message":"DELETE /reviews/j0123456-78f0-1234-5678-9abcdef01234 | Status: 401 | Duration: 1ms ","service":"booking-api"}
{"level":"info","message":"POST /login | Status: 200 | Duration: 2ms ","service":"booking-api"}
{"level":"info","message":"GET /reviews | Status: 200 | Duration: 2ms ","service":"booking-api"}
{"level":"info","message":"POST /login | Status: 200 | Duration: 1ms ","service":"booking-api"}
{"level":"info","message":"POST /reviews | Status: 401 | Duration: 1ms ","service":"booking-api"}
{"level":"info","message":"POST /login | Status: 200 | Duration: 4ms ","service":"booking-api"}
{"level":"info","message":"POST /login | Status: 200 | Duration: 1ms ","service":"booking-api"}
{"level":"info","message":"POST /login | Status: 200 | Duration: 6ms ","service":"booking-api"}
{"level":"info","message":"GET /bookings | Status: 200 | Duration: 2ms ","service":"booking-api"}
{"level":"info","message":"POST /bookings | Status: 200 | Duration: 11ms ","service":"booking-api"}
{"level":"info","message":"POST /login | Status: 200 | Duration: 1ms ","service":"booking-api"}
{"level":"info","message":"GET /bookings | Status: 200 | Duration: 2ms ","service":"booking-api"}
{"level":"info","message":"POST /login | Status: 200 | Duration: 4ms ","service":"booking-api"}
{"level":"info","message":"GET /bookings | Status: 200 | Duration: 3ms ","service":"booking-api"}
{"level":"info","message":"POST /login | Status: 200 | Duration: 1ms ","service":"booking-api"}
{"level":"info","message":"GET /users/e5678901-23f0-1234-5678-9abcdef01234 | Status: 200 | Duration: 3ms ","service":"booking-api"}
{"level":"info","message":"POST /login | Status: 200 | Duration: 2ms ","service":"booking-api"}
{"level":"info","message":"PUT /users/e5678901-23f0-1234-5678-9abcdef01234 | Status: 401 | Duration: 1ms ","service":"booking-api"}
{"level":"info","message":"POST /login | Status: 200 | Duration: 2ms ","service":"booking-api"}
{"level":"info","message":"DELETE /users/e5678901-23f0-1234-5678-9abcdef01234 | Status: 401 | Duration: 1ms ","service":"booking-api"}
{"level":"info","message":"POST /login | Status: 200 | Duration: 1ms ","service":"booking-api"}
{"level":"info","message":"GET /users | Status: 200 | Duration: 1ms ","service":"booking-api"}
{"level":"info","message":"POST /login | Status: 200 | Duration: 2ms ","service":"booking-api"}
{"level":"info","message":"POST /users | Status: 401 | Duration: 1ms ","service":"booking-api"}
{"level":"info","message":"POST /login | Status: 200 | Duration: 2ms ","service":"booking-api"}
{"level":"info","message":"GET /hosts/e2345678-90bc-def0-0123-456789abcdef | Status: 200 | Duration: 2ms ","service":"booking-api"}
{"level":"info","message":"POST /login | Status: 200 | Duration: 2ms ","service":"booking-api"}
{"level":"info","message":"PUT /hosts/e2345678-90bc-def0-0123-456789abcdef | Status: 401 | Duration: 1ms ","service":"booking-api"}
{"level":"info","message":"POST /login | Status: 200 | Duration: 1ms ","service":"booking-api"}
{"level":"info","message":"DELETE /hosts/e2345678-90bc-def0-0123-456789abcdef | Status: 401 | Duration: 0ms ","service":"booking-api"}
{"level":"info","message":"POST /login | Status: 200 | Duration: 2ms ","service":"booking-api"}
{"level":"info","message":"GET /hosts | Status: 200 | Duration: 4ms ","service":"booking-api"}
{"level":"info","message":"POST /login | Status: 200 | Duration: 1ms ","service":"booking-api"}
{"level":"info","message":"POST /hosts | Status: 401 | Duration: 2ms ","service":"booking-api"}
{"level":"info","message":"POST /login | Status: 200 | Duration: 2ms ","service":"booking-api"}
{"level":"info","message":"GET /properties/i1234567-89f0-1234-5678-9abcdef01234 | Status: 200 | Duration: 2ms ","service":"booking-api"}
{"level":"info","message":"POST /login | Status: 200 | Duration: 2ms ","service":"booking-api"}
{"level":"info","message":"PUT /properties/i1234567-89f0-1234-5678-9abcdef01234 | Status: 401 | Duration: 2ms ","service":"booking-api"}
{"level":"info","message":"POST /login | Status: 200 | Duration: 2ms ","service":"booking-api"}
{"level":"info","message":"DELETE /properties/i1234567-89f0-1234-5678-9abcdef01234 | Status: 401 | Duration: 0ms ","service":"booking-api"}
{"level":"info","message":"POST /login | Status: 200 | Duration: 1ms ","service":"booking-api"}
{"level":"info","message":"GET /properties | Status: 200 | Duration: 3ms ","service":"booking-api"}
{"level":"info","message":"POST /login | Status: 200 | Duration: 1ms ","service":"booking-api"}
{"level":"info","message":"POST /properties | Status: 401 | Duration: 1ms ","service":"booking-api"}
{"level":"info","message":"POST /login | Status: 200 | Duration: 2ms ","service":"booking-api"}
{"level":"info","message":"GET /amenities/u3456789-01rs-tuvw-01cd-ef0123456789 | Status: 200 | Duration: 2ms ","service":"booking-api"}
{"level":"info","message":"POST /login | Status: 200 | Duration: 2ms ","service":"booking-api"}
{"level":"info","message":"PUT /amenities/u3456789-01rs-tuvw-01cd-ef0123456789 | Status: 401 | Duration: 1ms ","service":"booking-api"}
{"level":"info","message":"POST /login | Status: 200 | Duration: 1ms ","service":"booking-api"}
{"level":"info","message":"DELETE /amenities/u3456789-01rs-tuvw-01cd-ef0123456789 | Status: 401 | Duration: 0ms ","service":"booking-api"}
{"level":"info","message":"POST /login | Status: 200 | Duration: 1ms ","service":"booking-api"}
{"level":"info","message":"GET /amenities | Status: 200 | Duration: 2ms ","service":"booking-api"}
{"level":"info","message":"POST /login | Status: 200 | Duration: 1ms ","service":"booking-api"}
{"level":"info","message":"POST /amenities | Status: 401 | Duration: 0ms ","service":"booking-api"}
{"level":"info","message":"POST /login | Status: 200 | Duration: 2ms ","service":"booking-api"}
{"level":"info","message":"GET /bookings/f0123456-78ab-cdef-0123-456789abcdef | Status: 200 | Duration: 2ms ","service":"booking-api"}
{"level":"info","message":"POST /login | Status: 200 | Duration: 2ms ","service":"booking-api"}
{"level":"info","message":"PUT /bookings/f0123456-78ab-cdef-0123-456789abcdef | Status: 401 | Duration: 1ms ","service":"booking-api"}
{"level":"info","message":"POST /login | Status: 200 | Duration: 2ms ","service":"booking-api"}
{"level":"info","message":"DELETE /bookings/f0123456-78ab-cdef-0123-456789abcdef | Status: 401 | Duration: 0ms ","service":"booking-api"}
{"level":"info","message":"POST /login | Status: 200 | Duration: 2ms ","service":"booking-api"}
{"level":"info","message":"GET /bookings | Status: 200 | Duration: 2ms ","service":"booking-api"}
{"level":"info","message":"POST /login | Status: 200 | Duration: 1ms ","service":"booking-api"}
{"level":"info","message":"POST /bookings | Status: 401 | Duration: 1ms ","service":"booking-api"}
{"level":"info","message":"POST /login | Status: 200 | Duration: 1ms ","service":"booking-api"}
{"level":"info","message":"GET /reviews/j0123456-78f0-1234-5678-9abcdef01234 | Status: 200 | Duration: 3ms ","service":"booking-api"}
{"level":"info","message":"POST /login | Status: 200 | Duration: 2ms ","service":"booking-api"}
{"level":"info","message":"PUT /reviews/j0123456-78f0-1234-5678-9abcdef01234 | Status: 401 | Duration: 1ms ","service":"booking-api"}
{"level":"info","message":"POST /login | Status: 200 | Duration: 1ms ","service":"booking-api"}
{"level":"info","message":"DELETE /reviews/j0123456-78f0-1234-5678-9abcdef01234 | Status: 401 | Duration: 0ms ","service":"booking-api"}
{"level":"info","message":"POST /login | Status: 200 | Duration: 2ms ","service":"booking-api"}
{"level":"info","message":"GET /reviews | Status: 200 | Duration: 2ms ","service":"booking-api"}
{"level":"info","message":"POST /login | Status: 200 | Duration: 1ms ","service":"booking-api"}
{"level":"info","message":"POST /reviews | Status: 401 | Duration: 0ms ","service":"booking-api"}
{"level":"info","message":"POST /login | Status: 200 | Duration: 1ms ","service":"booking-api"}
{"level":"info","message":"POST /login | Status: 200 | Duration: 2ms ","service":"booking-api"}
{"level":"info","message":"POST /bookings | Status: 200 | Duration: 19ms ","service":"booking-api"}
{"level":"info","message":"POST /login | Status: 200 | Duration: 2ms ","service":"booking-api"}
{"level":"info","message":"GET /bookings | Status: 200 | Duration: 4ms ","service":"booking-api"}
{"level":"info","message":"POST /login | Status: 200 | Duration: 1ms ","service":"booking-api"}
{"level":"info","message":"POST /bookings | Status: 401 | Duration: 2ms ","service":"booking-api"}
{"level":"info","message":"POST /login | Status: 200 | Duration: 1ms ","service":"booking-api"}
{"level":"info","message":"POST /bookings | Status: 401 | Duration: 1ms ","service":"booking-api"}
{"level":"info","message":"POST /login | Status: 200 | Duration: 2ms ","service":"booking-api"}
{"level":"info","message":"GET /bookings/f0123456-78ab-cdef-0123-456789abcdef | Status: 200 | Duration: 3ms ","service":"booking-api"}
{"level":"info","message":"POST /login | Status: 200 | Duration: 2ms ","service":"booking-api"}
{"level":"info","message":"PUT /bookings/f0123456-78ab-cdef-0123-456789abcdef | Status: 401 | Duration: 3ms ","service":"booking-api"}
{"level":"info","message":"POST /login | Status: 200 | Duration: 2ms ","service":"booking-api"}
{"level":"info","message":"DELETE /bookings/f0123456-78ab-cdef-0123-456789abcdef | Status: 401 | Duration: 3ms ","service":"booking-api"}
{"level":"info","message":"POST /login | Status: 200 | Duration: 3ms ","service":"booking-api"}
{"level":"info","message":"GET /bookings | Status: 200 | Duration: 1ms ","service":"booking-api"}
{"level":"info","message":"POST /login | Status: 200 | Duration: 2ms ","service":"booking-api"}
{"level":"info","message":"POST /bookings | Status: 401 | Duration: 2ms ","service":"booking-api"}
{"level":"info","message":"POST /login | Status: 200 | Duration: 2ms ","service":"booking-api"}
{"level":"info","message":"POST /login | Status: 200 | Duration: 2ms ","service":"booking-api"}
{"level":"info","message":"POST /login | Status: 200 | Duration: 4ms ","service":"booking-api"}
{"level":"info","message":"GET /bookings/f0123456-78ab-cdef-0123-456789abcdef | Status: 200 | Duration: 2ms ","service":"booking-api"}
{"level":"info","message":"POST /login | Status: 200 | Duration: 2ms ","service":"booking-api"}
{"level":"info","message":"PUT /bookings/f0123456-78ab-cdef-0123-456789abcdef | Status: 401 | Duration: 8ms ","service":"booking-api"}
{"level":"info","message":"POST /login | Status: 200 | Duration: 1ms ","service":"booking-api"}
{"level":"info","message":"DELETE /bookings/f0123456-78ab-cdef-0123-456789abcdef | Status: 401 | Duration: 4ms ","service":"booking-api"}
{"level":"info","message":"POST /login | Status: 200 | Duration: 2ms ","service":"booking-api"}
{"level":"info","message":"GET /bookings | Status: 200 | Duration: 1ms ","service":"booking-api"}
{"level":"info","message":"POST /login | Status: 200 | Duration: 3ms ","service":"booking-api"}
{"level":"info","message":"POST /bookings | Status: 401 | Duration: 2ms ","service":"booking-api"}
{"level":"info","message":"POST /login | Status: 200 | Duration: 1ms ","service":"booking-api"}
{"level":"info","message":"POST /login | Status: 200 | Duration: 1ms ","service":"booking-api"}
{"level":"info","message":"POST /login | Status: 200 | Duration: 5ms ","service":"booking-api"}
{"level":"info","message":"GET /users/e5678901-23f0-1234-5678-9abcdef01234 | Status: 200 | Duration: 2ms ","service":"booking-api"}
{"level":"info","message":"POST /login | Status: 200 | Duration: 2ms ","service":"booking-api"}
{"level":"info","message":"PUT /users/e5678901-23f0-1234-5678-9abcdef01234 | Status: 401 | Duration: 4ms ","service":"booking-api"}
{"level":"info","message":"POST /login | Status: 200 | Duration: 1ms ","service":"booking-api"}
{"level":"info","message":"DELETE /users/e5678901-23f0-1234-5678-9abcdef01234 | Status: 401 | Duration: 3ms ","service":"booking-api"}
{"level":"info","message":"POST /login | Status: 200 | Duration: 1ms ","service":"booking-api"}
{"level":"info","message":"GET /users | Status: 200 | Duration: 2ms ","service":"booking-api"}
{"level":"info","message":"POST /login | Status: 200 | Duration: 1ms ","service":"booking-api"}
{"level":"info","message":"POST /users | Status: 401 | Duration: 2ms ","service":"booking-api"}
{"level":"info","message":"POST /login | Status: 200 | Duration: 2ms ","service":"booking-api"}
{"level":"info","message":"GET /hosts/e2345678-90bc-def0-0123-456789abcdef | Status: 200 | Duration: 3ms ","service":"booking-api"}
{"level":"info","message":"POST /login | Status: 200 | Duration: 2ms ","service":"booking-api"}
{"level":"info","message":"PUT /hosts/e2345678-90bc-def0-0123-456789abcdef | Status: 401 | Duration: 4ms ","service":"booking-api"}
{"level":"info","message":"POST /login | Status: 200 | Duration: 1ms ","service":"booking-api"}
{"level":"info","message":"DELETE /hosts/e2345678-90bc-def0-0123-456789abcdef | Status: 401 | Duration: 3ms ","service":"booking-api"}
{"level":"info","message":"POST /login | Status: 200 | Duration: 1ms ","service":"booking-api"}
{"level":"info","message":"GET /hosts | Status: 200 | Duration: 2ms ","service":"booking-api"}
{"level":"info","message":"POST /login | Status: 200 | Duration: 2ms ","service":"booking-api"}
{"level":"info","message":"POST /hosts | Status: 401 | Duration: 2ms ","service":"booking-api"}
{"level":"info","message":"POST /login | Status: 200 | Duration: 2ms ","service":"booking-api"}
{"level":"info","message":"GET /properties/i1234567-89f0-1234-5678-9abcdef01234 | Status: 200 | Duration: 2ms ","service":"booking-api"}
{"level":"info","message":"POST /login | Status: 200 | Duration: 2ms ","service":"booking-api"}
{"level":"info","message":"PUT /properties/i1234567-89f0-1234-5678-9abcdef01234 | Status: 401 | Duration: 4ms ","service":"booking-api"}
{"level":"info","message":"POST /login | Status: 200 | Duration: 2ms ","service":"booking-api"}
{"level":"info","message":"DELETE /properties/i1234567-89f0-1234-5678-9abcdef01234 | Status: 401 | Duration: 4ms ","service":"booking-api"}
{"level":"info","message":"POST /login | Status: 200 | Duration: 3ms ","service":"booking-api"}
{"level":"info","message":"GET /properties | Status: 200 | Duration: 1ms ","service":"booking-api"}
{"level":"info","message":"POST /login | Status: 200 | Duration: 1ms ","service":"booking-api"}
{"level":"info","message":"POST /properties | Status: 401 | Duration: 2ms ","service":"booking-api"}
{"level":"info","message":"POST /login | Status: 200 | Duration: 2ms ","service":"booking-api"}
{"level":"info","message":"GET /amenities/u3456789-01rs-tuvw-01cd-ef0123456789 | Status: 200 | Duration: 2ms ","service":"booking-api"}
{"level":"info","message":"POST /login | Status: 200 | Duration: 1ms ","service":"booking-api"}
{"level":"info","message":"PUT /amenities/u3456789-01rs-tuvw-01cd-ef0123456789 | Status: 401 | Duration: 3ms ","service":"booking-api"}
{"level":"info","message":"POST /login | Status: 200 | Duration: 2ms ","service":"booking-api"}
{"level":"info","message":"DELETE /amenities/u3456789-01rs-tuvw-01cd-ef0123456789 | Status: 401 | Duration: 4ms ","service":"booking-api"}
{"level":"info","message":"POST /login | Status: 200 | Duration: 2ms ","service":"booking-api"}
{"level":"info","message":"GET /amenities | Status: 200 | Duration: 1ms ","service":"booking-api"}
{"level":"info","message":"POST /login | Status: 200 | Duration: 2ms ","service":"booking-api"}
{"level":"info","message":"POST /amenities | Status: 401 | Duration: 5ms ","service":"booking-api"}
{"level":"info","message":"POST /login | Status: 200 | Duration: 1ms ","service":"booking-api"}
{"level":"info","message":"GET /bookings/f0123456-78ab-cdef-0123-456789abcdef | Status: 200 | Duration: 2ms ","service":"booking-api"}
{"level":"info","message":"POST /login | Status: 200 | Duration: 2ms ","service":"booking-api"}
{"level":"info","message":"PUT /bookings/f0123456-78ab-cdef-0123-456789abcdef | Status: 401 | Duration: 3ms ","service":"booking-api"}
{"level":"info","message":"POST /login | Status: 200 | Duration: 2ms ","service":"booking-api"}
{"level":"info","message":"DELETE /bookings/f0123456-78ab-cdef-0123-456789abcdef | Status: 401 | Duration: 3ms ","service":"booking-api"}
{"level":"info","message":"POST /login | Status: 200 | Duration: 1ms ","service":"booking-api"}
{"level":"info","message":"GET /bookings | Status: 200 | Duration: 2ms ","service":"booking-api"}
{"level":"info","message":"POST /login | Status: 200 | Duration: 1ms ","service":"booking-api"}
{"level":"info","message":"POST /bookings | Status: 401 | Duration: 2ms ","service":"booking-api"}
{"level":"info","message":"POST /login | Status: 200 | Duration: 2ms ","service":"booking-api"}
{"level":"info","message":"GET /reviews/j0123456-78f0-1234-5678-9abcdef01234 | Status: 200 | Duration: 2ms ","service":"booking-api"}
{"level":"info","message":"POST /login | Status: 200 | Duration: 1ms ","service":"booking-api"}
{"level":"info","message":"PUT /reviews/j0123456-78f0-1234-5678-9abcdef01234 | Status: 401 | Duration: 3ms ","service":"booking-api"}
{"level":"info","message":"POST /login | Status: 200 | Duration: 2ms ","service":"booking-api"}
{"level":"info","message":"DELETE /reviews/j0123456-78f0-1234-5678-9abcdef01234 | Status: 401 | Duration: 2ms ","service":"booking-api"}
{"level":"info","message":"POST /login | Status: 200 | Duration: 1ms ","service":"booking-api"}
{"level":"info","message":"GET /reviews | Status: 200 | Duration: 2ms ","service":"booking-api"}
{"level":"info","message":"POST /login | Status: 200 | Duration: 1ms ","service":"booking-api"}
{"level":"info","message":"POST /reviews | Status: 401 | Duration: 2ms ","service":"booking-api"}
{"level":"info","message":"POST /login | Status: 200 | Duration: 1ms ","service":"booking-api"}
{"level":"info","message":"POST /login | Status: 200 | Duration: 2ms ","service":"booking-api"}
{"level":"info","message":"POST /login | Status: 200 | Duration: 1ms ","service":"booking-api"}
{"level":"info","message":"GET /users/e5678901-23f0-1234-5678-9abcdef01234 | Status: 200 | Duration: 2ms ","service":"booking-api"}
{"level":"info","message":"POST /login | Status: 200 | Duration: 2ms ","service":"booking-api"}
{"level":"info","message":"PUT /users/e5678901-23f0-1234-5678-9abcdef01234 | Status: 401 | Duration: 3ms ","service":"booking-api"}
{"level":"info","message":"POST /login | Status: 200 | Duration: 2ms ","service":"booking-api"}
{"level":"info","message":"DELETE /users/e5678901-23f0-1234-5678-9abcdef01234 | Status: 401 | Duration: 2ms ","service":"booking-api"}
{"level":"info","message":"POST /login | Status: 200 | Duration: 2ms ","service":"booking-api"}
{"level":"info","message":"GET /users | Status: 200 | Duration: 1ms ","service":"booking-api"}
{"level":"info","message":"POST /login | Status: 200 | Duration: 2ms ","service":"booking-api"}
{"level":"info","message":"POST /users | Status: 401 | Duration: 3ms ","service":"booking-api"}
{"level":"info","message":"POST /login | Status: 200 | Duration: 2ms ","service":"booking-api"}
{"level":"info","message":"GET /hosts/e2345678-90bc-def0-0123-456789abcdef | Status: 200 | Duration: 1ms ","service":"booking-api"}
{"level":"info","message":"POST /login | Status: 200 | Duration: 2ms ","service":"booking-api"}
{"level":"info","message":"PUT /hosts/e2345678-90bc-def0-0123-456789abcdef | Status: 401 | Duration: 2ms ","service":"booking-api"}
{"level":"info","message":"POST /login | Status: 200 | Duration: 2ms ","service":"booking-api"}
{"level":"info","message":"DELETE /hosts/e2345678-90bc-def0-0123-456789abcdef | Status: 401 | Duration: 6ms ","service":"booking-api"}
{"level":"info","message":"POST /login | Status: 200 | Duration: 3ms ","service":"booking-api"}
{"level":"info","message":"GET /hosts | Status: 200 | Duration: 3ms ","service":"booking-api"}
{"level":"info","message":"POST /login | Status: 200 | Duration: 2ms ","service":"booking-api"}
{"level":"info","message":"POST /hosts | Status: 401 | Duration: 3ms ","service":"booking-api"}
{"level":"info","message":"POST /login | Status: 200 | Duration: 1ms ","service":"booking-api"}
{"level":"info","message":"GET /properties/i1234567-89f0-1234-5678-9abcdef01234 | Status: 200 | Duration: 2ms ","service":"booking-api"}
{"level":"info","message":"POST /login | Status: 200 | Duration: 2ms ","service":"booking-api"}
{"level":"info","message":"PUT /properties/i1234567-89f0-1234-5678-9abcdef01234 | Status: 401 | Duration: 3ms ","service":"booking-api"}
{"level":"info","message":"POST /login | Status: 200 | Duration: 1ms ","service":"booking-api"}
{"level":"info","message":"DELETE /properties/i1234567-89f0-1234-5678-9abcdef01234 | Status: 401 | Duration: 3ms ","service":"booking-api"}
{"level":"info","message":"POST /login | Status: 200 | Duration: 1ms ","service":"booking-api"}
{"level":"info","message":"GET /properties | Status: 200 | Duration: 1ms ","service":"booking-api"}
{"level":"info","message":"POST /login | Status: 200 | Duration: 2ms ","service":"booking-api"}
{"level":"info","message":"POST /properties | Status: 401 | Duration: 3ms ","service":"booking-api"}
{"level":"info","message":"POST /login | Status: 200 | Duration: 3ms ","service":"booking-api"}
{"level":"info","message":"GET /amenities/u3456789-01rs-tuvw-01cd-ef0123456789 | Status: 200 | Duration: 2ms ","service":"booking-api"}
{"level":"info","message":"POST /login | Status: 200 | Duration: 2ms ","service":"booking-api"}
{"level":"info","message":"PUT /amenities/u3456789-01rs-tuvw-01cd-ef0123456789 | Status: 401 | Duration: 3ms ","service":"booking-api"}
{"level":"info","message":"POST /login | Status: 200 | Duration: 2ms ","service":"booking-api"}
{"level":"info","message":"DELETE /amenities/u3456789-01rs-tuvw-01cd-ef0123456789 | Status: 401 | Duration: 4ms ","service":"booking-api"}
{"level":"info","message":"POST /login | Status: 200 | Duration: 1ms ","service":"booking-api"}
{"level":"info","message":"GET /amenities | Status: 200 | Duration: 2ms ","service":"booking-api"}
{"level":"info","message":"POST /login | Status: 200 | Duration: 1ms ","service":"booking-api"}
{"level":"info","message":"POST /amenities | Status: 401 | Duration: 2ms ","service":"booking-api"}
{"level":"info","message":"POST /login | Status: 200 | Duration: 2ms ","service":"booking-api"}
{"level":"info","message":"GET /bookings/f0123456-78ab-cdef-0123-456789abcdef | Status: 200 | Duration: 3ms ","service":"booking-api"}
{"level":"info","message":"POST /login | Status: 200 | Duration: 1ms ","service":"booking-api"}
{"level":"info","message":"PUT /bookings/f0123456-78ab-cdef-0123-456789abcdef | Status: 401 | Duration: 2ms ","service":"booking-api"}
{"level":"info","message":"POST /login | Status: 200 | Duration: 2ms ","service":"booking-api"}
{"level":"info","message":"DELETE /bookings/f0123456-78ab-cdef-0123-456789abcdef | Status: 401 | Duration: 5ms ","service":"booking-api"}
{"level":"info","message":"POST /login | Status: 200 | Duration: 2ms ","service":"booking-api"}
{"level":"info","message":"GET /bookings | Status: 200 | Duration: 2ms ","service":"booking-api"}
{"level":"info","message":"POST /login | Status: 200 | Duration: 1ms ","service":"booking-api"}
{"level":"info","message":"POST /bookings | Status: 401 | Duration: 2ms ","service":"booking-api"}
{"level":"info","message":"POST /login | Status: 200 | Duration: 2ms ","service":"booking-api"}
{"level":"info","message":"GET /reviews/j0123456-78f0-1234-5678-9abcdef01234 | Status: 200 | Duration: 1ms ","service":"booking-api"}
{"level":"info","message":"POST /login | Status: 200 | Duration: 1ms ","service":"booking-api"}
{"level":"info","message":"PUT /reviews/j0123456-78f0-1234-5678-9abcdef01234 | Status: 401 | Duration: 2ms ","service":"booking-api"}
{"level":"info","message":"POST /login | Status: 200 | Duration: 2ms ","service":"booking-api"}
{"level":"info","message":"DELETE /reviews/j0123456-78f0-1234-5678-9abcdef01234 | Status: 401 | Duration: 3ms ","service":"booking-api"}
{"level":"info","message":"POST /login | Status: 200 | Duration: 1ms ","service":"booking-api"}
{"level":"info","message":"GET /reviews | Status: 200 | Duration: 2ms ","service":"booking-api"}
{"level":"info","message":"POST /login | Status: 200 | Duration: 1ms ","service":"booking-api"}
{"level":"info","message":"POST /reviews | Status: 401 | Duration: 2ms ","service":"booking-api"}
{"level":"info","message":"POST /login | Status: 200 | Duration: 1ms ","service":"booking-api"}
{"level":"info","message":"POST /login | Status: 200 | Duration: 2ms ","service":"booking-api"}
{"level":"info","message":"POST /login | Status: 200 | Duration: 9ms ","service":"booking-api"}
{"level":"info","message":"POST /login | Status: 200 | Duration: 5ms ","service":"booking-api"}
{"level":"info","message":"GET /users/e5678901-23f0-1234-5678-9abcdef01234 | Status: 200 | Duration: 2ms ","service":"booking-api"}
{"level":"info","message":"POST /login | Status: 200 | Duration: 1ms ","service":"booking-api"}
{"level":"info","message":"PUT /users/e5678901-23f0-1234-5678-9abcdef01234 | Status: 401 | Duration: 3ms ","service":"booking-api"}
{"level":"info","message":"POST /login | Status: 200 | Duration: 1ms ","service":"booking-api"}
{"level":"info","message":"DELETE /users/e5678901-23f0-1234-5678-9abcdef01234 | Status: 401 | Duration: 2ms ","service":"booking-api"}
{"level":"info","message":"POST /login | Status: 200 | Duration: 3ms ","service":"booking-api"}
{"level":"info","message":"GET /users | Status: 200 | Duration: 1ms ","service":"booking-api"}
{"level":"info","message":"POST /login | Status: 200 | Duration: 2ms ","service":"booking-api"}
{"level":"info","message":"POST /users | Status: 401 | Duration: 3ms ","service":"booking-api"}
{"level":"info","message":"POST /login | Status: 200 | Duration: 2ms ","service":"booking-api"}
{"level":"info","message":"GET /hosts/e2345678-90bc-def0-0123-456789abcdef | Status: 200 | Duration: 2ms ","service":"booking-api"}
{"level":"info","message":"POST /login | Status: 200 | Duration: 2ms ","service":"booking-api"}
{"level":"info","message":"PUT /hosts/e2345678-90bc-def0-0123-456789abcdef | Status: 401 | Duration: 2ms ","service":"booking-api"}
{"level":"info","message":"POST /login | Status: 200 | Duration: 2ms ","service":"booking-api"}
{"level":"info","message":"DELETE /hosts/e2345678-90bc-def0-0123-456789abcdef | Status: 401 | Duration: 3ms ","service":"booking-api"}
{"level":"info","message":"POST /login | Status: 200 | Duration: 2ms ","service":"booking-api"}
{"level":"info","message":"GET /hosts | Status: 200 | Duration: 3ms ","service":"booking-api"}
{"level":"info","message":"POST /login | Status: 200 | Duration: 1ms ","service":"booking-api"}
{"level":"info","message":"POST /hosts | Status: 401 | Duration: 5ms ","service":"booking-api"}
{"level":"info","message":"POST /login | Status: 200 | Duration: 2ms ","service":"booking-api"}
{"level":"info","message":"GET /properties/i1234567-89f0-1234-5678-9abcdef01234 | Status: 200 | Duration: 3ms ","service":"booking-api"}
{"level":"info","message":"POST /login | Status: 200 | Duration: 2ms ","service":"booking-api"}
{"level":"info","message":"PUT /properties/i1234567-89f0-1234-5678-9abcdef01234 | Status: 401 | Duration: 4ms ","service":"booking-api"}
{"level":"info","message":"POST /login | Status: 200 | Duration: 2ms ","service":"booking-api"}
{"level":"info","message":"DELETE /properties/i1234567-89f0-1234-5678-9abcdef01234 | Status: 401 | Duration: 3ms ","service":"booking-api"}
{"level":"info","message":"POST /login | Status: 200 | Duration: 3ms ","service":"booking-api"}
{"level":"info","message":"GET /properties | Status: 200 | Duration: 2ms ","service":"booking-api"}
{"level":"info","message":"POST /login | Status: 200 | Duration: 2ms ","service":"booking-api"}
{"level":"info","message":"POST /properties | Status: 401 | Duration: 2ms ","service":"booking-api"}
{"level":"info","message":"POST /login | Status: 200 | Duration: 3ms ","service":"booking-api"}
{"level":"info","message":"GET /amenities/u3456789-01rs-tuvw-01cd-ef0123456789 | Status: 200 | Duration: 2ms ","service":"booking-api"}
{"level":"info","message":"POST /login | Status: 200 | Duration: 3ms ","service":"booking-api"}
{"level":"info","message":"PUT /amenities/u3456789-01rs-tuvw-01cd-ef0123456789 | Status: 401 | Duration: 3ms ","service":"booking-api"}
{"level":"info","message":"POST /login | Status: 200 | Duration: 2ms ","service":"booking-api"}
{"level":"info","message":"DELETE /amenities/u3456789-01rs-tuvw-01cd-ef0123456789 | Status: 401 | Duration: 4ms ","service":"booking-api"}
{"level":"info","message":"POST /login | Status: 200 | Duration: 2ms ","service":"booking-api"}
{"level":"info","message":"GET /amenities | Status: 200 | Duration: 1ms ","service":"booking-api"}
{"level":"info","message":"POST /login | Status: 200 | Duration: 3ms ","service":"booking-api"}
{"level":"info","message":"POST /amenities | Status: 401 | Duration: 3ms ","service":"booking-api"}
{"level":"info","message":"POST /login | Status: 200 | Duration: 1ms ","service":"booking-api"}
{"level":"info","message":"GET /bookings/f0123456-78ab-cdef-0123-456789abcdef | Status: 200 | Duration: 2ms ","service":"booking-api"}
{"level":"info","message":"POST /login | Status: 200 | Duration: 2ms ","service":"booking-api"}
{"level":"info","message":"PUT /bookings/f0123456-78ab-cdef-0123-456789abcdef | Status: 401 | Duration: 1ms ","service":"booking-api"}
{"level":"info","message":"POST /login | Status: 200 | Duration: 2ms ","service":"booking-api"}
{"level":"info","message":"DELETE /bookings/f0123456-78ab-cdef-0123-456789abcdef | Status: 401 | Duration: 2ms ","service":"booking-api"}
{"level":"info","message":"POST /login | Status: 200 | Duration: 1ms ","service":"booking-api"}
{"level":"info","message":"GET /bookings | Status: 200 | Duration: 3ms ","service":"booking-api"}
{"level":"info","message":"POST /login | Status: 200 | Duration: 2ms ","service":"booking-api"}
{"level":"info","message":"POST /bookings | Status: 401 | Duration: 3ms ","service":"booking-api"}
{"level":"info","message":"POST /login | Status: 200 | Duration: 2ms ","service":"booking-api"}
{"level":"info","message":"GET /reviews/j0123456-78f0-1234-5678-9abcdef01234 | Status: 200 | Duration: 2ms ","service":"booking-api"}
{"level":"info","message":"POST /login | Status: 200 | Duration: 2ms ","service":"booking-api"}
{"level":"info","message":"PUT /reviews/j0123456-78f0-1234-5678-9abcdef01234 | Status: 401 | Duration: 2ms ","service":"booking-api"}
{"level":"info","message":"POST /login | Status: 200 | Duration: 2ms ","service":"booking-api"}
{"level":"info","message":"DELETE /reviews/j0123456-78f0-1234-5678-9abcdef01234 | Status: 401 | Duration: 3ms ","service":"booking-api"}
{"level":"info","message":"POST /login | Status: 200 | Duration: 2ms ","service":"booking-api"}
{"level":"info","message":"GET /reviews | Status: 200 | Duration: 2ms ","service":"booking-api"}
{"level":"info","message":"POST /login | Status: 200 | Duration: 3ms ","service":"booking-api"}
{"level":"info","message":"POST /reviews | Status: 401 | Duration: 3ms ","service":"booking-api"}
{"level":"info","message":"POST /login | Status: 200 | Duration: 1ms ","service":"booking-api"}
{"level":"info","message":"POST /login | Status: 200 | Duration: 1ms ","service":"booking-api"}
{"level":"info","message":"POST /login | Status: 200 | Duration: 4ms ","service":"booking-api"}
{"level":"info","message":"GET /users/e5678901-23f0-1234-5678-9abcdef01234 | Status: 200 | Duration: 2ms ","service":"booking-api"}
{"level":"info","message":"POST /login | Status: 200 | Duration: 2ms ","service":"booking-api"}
{"level":"info","message":"PUT /users/e5678901-23f0-1234-5678-9abcdef01234 | Status: 401 | Duration: 5ms ","service":"booking-api"}
{"level":"info","message":"POST /login | Status: 200 | Duration: 2ms ","service":"booking-api"}
{"level":"info","message":"DELETE /users/e5678901-23f0-1234-5678-9abcdef01234 | Status: 401 | Duration: 3ms ","service":"booking-api"}
{"level":"info","message":"POST /login | Status: 200 | Duration: 2ms ","service":"booking-api"}
{"level":"info","message":"GET /users | Status: 200 | Duration: 1ms ","service":"booking-api"}
{"level":"info","message":"POST /login | Status: 200 | Duration: 2ms ","service":"booking-api"}
{"level":"info","message":"POST /users | Status: 401 | Duration: 2ms ","service":"booking-api"}
{"level":"info","message":"POST /login | Status: 200 | Duration: 2ms ","service":"booking-api"}
{"level":"info","message":"GET /hosts/e2345678-90bc-def0-0123-456789abcdef | Status: 200 | Duration: 2ms ","service":"booking-api"}
{"level":"info","message":"POST /login | Status: 200 | Duration: 1ms ","service":"booking-api"}
{"level":"info","message":"PUT /hosts/e2345678-90bc-def0-0123-456789abcdef | Status: 401 | Duration: 6ms ","service":"booking-api"}
{"level":"info","message":"POST /login | Status: 200 | Duration: 2ms ","service":"booking-api"}
{"level":"info","message":"DELETE /hosts/e2345678-90bc-def0-0123-456789abcdef | Status: 401 | Duration: 3ms ","service":"booking-api"}
{"level":"info","message":"POST /login | Status: 200 | Duration: 1ms ","service":"booking-api"}
{"level":"info","message":"GET /hosts | Status: 200 | Duration: 2ms ","service":"booking-api"}
{"level":"info","message":"POST /login | Status: 200 | Duration: 1ms ","service":"booking-api"}
{"level":"info","message":"POST /hosts | Status: 401 | Duration: 2ms ","service":"booking-api"}
{"level":"info","message":"POST /login | Status: 200 | Duration: 1ms ","service":"booking-api"}
{"level":"info","message":"GET /properties/i1234567-89f0-1234-5678-9abcdef01234 | Status: 200 | Duration: 2ms ","service":"booking-api"}
{"level":"info","message":"POST /login | Status: 200 | Duration: 2ms ","service":"booking-api"}
{"level":"info","message":"PUT /properties/i1234567-89f0-1234-5678-9abcdef01234 | Status: 401 | Duration: 3ms ","service":"booking-api"}
{"level":"info","message":"POST /login | Status: 200 | Duration: 2ms ","service":"booking-api"}
{"level":"info","message":"DELETE /properties/i1234567-89f0-1234-5678-9abcdef01234 | Status: 401 | Duration: 3ms ","service":"booking-api"}
{"level":"info","message":"POST /login | Status: 200 | Duration: 2ms ","service":"booking-api"}
{"level":"info","message":"GET /properties | Status: 200 | Duration: 2ms ","service":"booking-api"}
{"level":"info","message":"POST /login | Status: 200 | Duration: 2ms ","service":"booking-api"}
{"level":"info","message":"POST /properties | Status: 401 | Duration: 2ms ","service":"booking-api"}
{"level":"info","message":"POST /login | Status: 200 | Duration: 2ms ","service":"booking-api"}
{"level":"info","message":"GET /amenities/u3456789-01rs-tuvw-01cd-ef0123456789 | Status: 200 | Duration: 2ms ","service":"booking-api"}
{"level":"info","message":"POST /login | Status: 200 | Duration: 2ms ","service":"booking-api"}
{"level":"info","message":"PUT /amenities/u3456789-01rs-tuvw-01cd-ef0123456789 | Status: 401 | Duration: 3ms ","service":"booking-api"}
{"level":"info","message":"POST /login | Status: 200 | Duration: 2ms ","service":"booking-api"}
{"level":"info","message":"DELETE /amenities/u3456789-01rs-tuvw-01cd-ef0123456789 | Status: 401 | Duration: 4ms ","service":"booking-api"}
{"level":"info","message":"POST /login | Status: 200 | Duration: 1ms ","service":"booking-api"}
{"level":"info","message":"GET /amenities | Status: 200 | Duration: 2ms ","service":"booking-api"}
{"level":"info","message":"POST /login | Status: 200 | Duration: 2ms ","service":"booking-api"}
{"level":"info","message":"POST /amenities | Status: 401 | Duration: 1ms ","service":"booking-api"}
{"level":"info","message":"POST /login | Status: 200 | Duration: 2ms ","service":"booking-api"}
{"level":"info","message":"GET /bookings/f0123456-78ab-cdef-0123-456789abcdef | Status: 200 | Duration: 2ms ","service":"booking-api"}
{"level":"info","message":"POST /login | Status: 200 | Duration: 2ms ","service":"booking-api"}
{"level":"info","message":"PUT /bookings/f0123456-78ab-cdef-0123-456789abcdef | Status: 401 | Duration: 2ms ","service":"booking-api"}
{"level":"info","message":"POST /login | Status: 200 | Duration: 2ms ","service":"booking-api"}
{"level":"info","message":"DELETE /bookings/f0123456-78ab-cdef-0123-456789abcdef | Status: 401 | Duration: 3ms ","service":"booking-api"}
{"level":"info","message":"POST /login | Status: 200 | Duration: 3ms ","service":"booking-api"}
{"level":"info","message":"GET /bookings | Status: 200 | Duration: 1ms ","service":"booking-api"}
{"level":"info","message":"POST /login | Status: 200 | Duration: 2ms ","service":"booking-api"}
{"level":"info","message":"POST /bookings | Status: 401 | Duration: 2ms ","service":"booking-api"}
{"level":"info","message":"POST /login | Status: 200 | Duration: 2ms ","service":"booking-api"}
{"level":"info","message":"GET /reviews/j0123456-78f0-1234-5678-9abcdef01234 | Status: 200 | Duration: 4ms ","service":"booking-api"}
{"level":"info","message":"POST /login | Status: 200 | Duration: 1ms ","service":"booking-api"}
{"level":"info","message":"PUT /reviews/j0123456-78f0-1234-5678-9abcdef01234 | Status: 401 | Duration: 2ms ","service":"booking-api"}
{"level":"info","message":"POST /login | Status: 200 | Duration: 1ms ","service":"booking-api"}
{"level":"info","message":"DELETE /reviews/j0123456-78f0-1234-5678-9abcdef01234 | Status: 401 | Duration: 4ms ","service":"booking-api"}
{"level":"info","message":"POST /login | Status: 200 | Duration: 3ms ","service":"booking-api"}
{"level":"info","message":"GET /reviews | Status: 200 | Duration: 2ms ","service":"booking-api"}
{"level":"info","message":"POST /login | Status: 200 | Duration: 2ms ","service":"booking-api"}
{"level":"info","message":"POST /reviews | Status: 401 | Duration: 6ms ","service":"booking-api"}
{"level":"info","message":"POST /login | Status: 200 | Duration: 1ms ","service":"booking-api"}
{"level":"info","message":"POST /login | Status: 200 | Duration: 1ms ","service":"booking-api"}
{"level":"info","message":"POST /login | Status: 200 | Duration: 2ms ","service":"booking-api"}
{"level":"info","message":"POST /login | Status: 200 | Duration: 1ms ","service":"booking-api"}
{"level":"info","message":"POST /login | Status: 200 | Duration: 2ms ","service":"booking-api"}
{"level":"info","message":"POST /login | Status: 200 | Duration: 2ms ","service":"booking-api"}
{"level":"info","message":"POST /login | Status: 200 | Duration: 5ms ","service":"booking-api"}
{"level":"info","message":"POST /login | Status: 200 | Duration: 1ms ","service":"booking-api"}
{"level":"info","message":"POST /login | Status: 200 | Duration: 1ms ","service":"booking-api"}
{"level":"info","message":"POST /login | Status: 200 | Duration: 2ms ","service":"booking-api"}
{"level":"info","message":"POST /login | Status: 200 | Duration: 5ms ","service":"booking-api"}
{"level":"info","message":"POST /login | Status: 200 | Duration: 2ms ","service":"booking-api"}
{"level":"info","message":"POST /login | Status: 200 | Duration: 1ms ","service":"booking-api"}
{"level":"info","message":"POST /login | Status: 200 | Duration: 2ms ","service":"booking-api"}
{"level":"info","message":"POST /login | Status: 200 | Duration: 2ms ","service":"booking-api"}
{"level":"info","message":"GET /users/e5678901-23f0-1234-5678-9abcdef01234 | Status: 200 | Duration: 3ms ","service":"booking-api"}
{"level":"info","message":"POST /login | Status: 200 | Duration: 1ms ","service":"booking-api"}
{"level":"info","message":"PUT /users/e5678901-23f0-1234-5678-9abcdef01234 | Status: 200 | Duration: 7ms ","service":"booking-api"}
{"level":"info","message":"POST /login | Status: 200 | Duration: 2ms ","service":"booking-api"}
{"level":"info","message":"DELETE /users/e5678901-23f0-1234-5678-9abcdef01234 | Status: 200 | Duration: 4ms ","service":"booking-api"}
{"level":"info","message":"POST /login | Status: 200 | Duration: 2ms ","service":"booking-api"}
{"level":"info","message":"GET /users | Status: 200 | Duration: 2ms ","service":"booking-api"}
{"level":"info","message":"POST /login | Status: 200 | Duration: 2ms ","service":"booking-api"}
{"level":"info","message":"POST /users | Status: 200 | Duration: 11ms ","service":"booking-api"}
{"level":"info","message":"POST /login | Status: 200 | Duration: 2ms ","service":"booking-api"}
{"level":"info","message":"GET /hosts/e2345678-90bc-def0-0123-456789abcdef | Status: 200 | Duration: 2ms ","service":"booking-api"}
{"level":"info","message":"POST /login | Status: 200 | Duration: 1ms ","service":"booking-api"}
{"level":"info","message":"PUT /hosts/e2345678-90bc-def0-0123-456789abcdef | Status: 200 | Duration: 8ms ","service":"booking-api"}
{"level":"info","message":"POST /login | Status: 200 | Duration: 3ms ","service":"booking-api"}
{"level":"info","message":"DELETE /hosts/e2345678-90bc-def0-0123-456789abcdef | Status: 200 | Duration: 4ms ","service":"booking-api"}
{"level":"info","message":"POST /login | Status: 200 | Duration: 2ms ","service":"booking-api"}
{"level":"info","message":"GET /hosts | Status: 200 | Duration: 2ms ","service":"booking-api"}
{"level":"info","message":"POST /login | Status: 200 | Duration: 2ms ","service":"booking-api"}
{"level":"info","message":"POST /hosts | Status: 200 | Duration: 6ms ","service":"booking-api"}
{"level":"info","message":"POST /login | Status: 200 | Duration: 2ms ","service":"booking-api"}
{"level":"info","message":"GET /properties/i1234567-89f0-1234-5678-9abcdef01234 | Status: 200 | Duration: 2ms ","service":"booking-api"}
{"level":"info","message":"POST /login | Status: 200 | Duration: 2ms ","service":"booking-api"}
{"level":"info","message":"PUT /properties/i1234567-89f0-1234-5678-9abcdef01234 | Status: 200 | Duration: 9ms ","service":"booking-api"}
{"level":"info","message":"POST /login | Status: 200 | Duration: 2ms ","service":"booking-api"}
{"level":"info","message":"DELETE /properties/i1234567-89f0-1234-5678-9abcdef01234 | Status: 200 | Duration: 4ms ","service":"booking-api"}
{"level":"info","message":"POST /login | Status: 200 | Duration: 2ms ","service":"booking-api"}
{"level":"info","message":"GET /properties | Status: 200 | Duration: 2ms ","service":"booking-api"}
{"level":"info","message":"POST /login | Status: 200 | Duration: 1ms ","service":"booking-api"}
{"level":"info","message":"POST /properties | Status: 200 | Duration: 5ms ","service":"booking-api"}
{"level":"info","message":"POST /login | Status: 200 | Duration: 2ms ","service":"booking-api"}
{"level":"info","message":"GET /amenities/u3456789-01rs-tuvw-01cd-ef0123456789 | Status: 200 | Duration: 2ms ","service":"booking-api"}
{"level":"info","message":"POST /login | Status: 200 | Duration: 2ms ","service":"booking-api"}
{"level":"info","message":"PUT /amenities/u3456789-01rs-tuvw-01cd-ef0123456789 | Status: 200 | Duration: 7ms ","service":"booking-api"}
{"level":"info","message":"POST /login | Status: 200 | Duration: 2ms ","service":"booking-api"}
{"level":"info","message":"DELETE /amenities/u3456789-01rs-tuvw-01cd-ef0123456789 | Status: 200 | Duration: 4ms ","service":"booking-api"}
{"level":"info","message":"POST /login | Status: 200 | Duration: 1ms ","service":"booking-api"}
{"level":"info","message":"GET /amenities | Status: 200 | Duration: 2ms ","service":"booking-api"}
{"level":"info","message":"POST /login | Status: 200 | Duration: 2ms ","service":"booking-api"}
{"level":"info","message":"POST /amenities | Status: 200 | Duration: 5ms ","service":"booking-api"}
{"level":"info","message":"POST /login | Status: 200 | Duration: 2ms ","service":"booking-api"}
{"level":"info","message":"GET /bookings/f0123456-78ab-cdef-0123-456789abcdef | Status: 200 | Duration: 1ms ","service":"booking-api"}
{"level":"info","message":"POST /login | Status: 200 | Duration: 2ms ","service":"booking-api"}
{"level":"info","message":"PUT /bookings/f0123456-78ab-cdef-0123-456789abcdef | Status: 200 | Duration: 25ms ","service":"booking-api"}
{"level":"info","message":"POST /login | Status: 200 | Duration: 2ms ","service":"booking-api"}
{"level":"info","message":"DELETE /bookings/f0123456-78ab-cdef-0123-456789abcdef | Status: 200 | Duration: 7ms ","service":"booking-api"}
{"level":"info","message":"POST /login | Status: 200 | Duration: 1ms ","service":"booking-api"}
{"level":"info","message":"GET /bookings | Status: 200 | Duration: 2ms ","service":"booking-api"}
{"level":"info","message":"POST /login | Status: 200 | Duration: 2ms ","service":"booking-api"}
{"level":"info","message":"POST /bookings | Status: 200 | Duration: 11ms ","service":"booking-api"}
{"level":"info","message":"POST /login | Status: 200 | Duration: 1ms ","service":"booking-api"}
{"level":"info","message":"GET /reviews/j0123456-78f0-1234-5678-9abcdef01234 | Status: 200 | Duration: 2ms ","service":"booking-api"}
{"level":"info","message":"POST /login | Status: 200 | Duration: 2ms ","service":"booking-api"}
{"level":"info","message":"PUT /reviews/j0123456-78f0-1234-5678-9abcdef01234 | Status: 200 | Duration: 5ms ","service":"booking-api"}
{"level":"info","message":"POST /login | Status: 200 | Duration: 1ms ","service":"booking-api"}
{"level":"info","message":"DELETE /reviews/j0123456-78f0-1234-5678-9abcdef01234 | Status: 200 | Duration: 6ms ","service":"booking-api"}
{"level":"info","message":"POST /login | Status: 200 | Duration: 1ms ","service":"booking-api"}
{"level":"info","message":"GET /reviews | Status: 200 | Duration: 2ms ","service":"booking-api"}
{"level":"info","message":"POST /login | Status: 200 | Duration: 1ms ","service":"booking-api"}
{"level":"info","message":"POST /reviews | Status: 200 | Duration: 7ms ","service":"booking-api"}
{"level":"info","message":"POST /login | Status: 200 | Duration: 1ms ","service":"booking-api"}
{"level":"info","message":"POST /login | Status: 200 | Duration: 2ms ","service":"booking-api"}
{"level":"info","message":"POST /login | Status: 200 | Duration: 6ms ","service":"booking-api"}
{"level":"info","message":"PUT /bookings/f0123456-78ab-cdef-0123-456789abcdef | Status: 200 | Duration: 17ms ","service":"booking-api"}
{"level":"info","message":"POST /login | Status: 200 | Duration: 3ms ","service":"booking-api"}
{"level":"info","message":"PUT /bookings/f0123456-78ab-cdef-0123-456789abcdef | Status: 200 | Duration: 11ms ","service":"booking-api"}
{"level":"info","message":"POST /login | Status: 200 | Duration: 2ms ","service":"booking-api"}
{"level":"info","message":"GET /users/e5678901-23f0-1234-5678-9abcdef01234 | Status: 200 | Duration: 2ms ","service":"booking-api"}
{"level":"info","message":"POST /login | Status: 200 | Duration: 3ms ","service":"booking-api"}
{"level":"info","message":"PUT /users/e5678901-23f0-1234-5678-9abcdef01234 | Status: 200 | Duration: 5ms ","service":"booking-api"}
{"level":"info","message":"POST /login | Status: 200 | Duration: 2ms ","service":"booking-api"}
{"level":"info","message":"DELETE /users/e5678901-23f0-1234-5678-9abcdef01234 | Status: 200 | Duration: 5ms ","service":"booking-api"}
{"level":"info","message":"POST /login | Status: 200 | Duration: 2ms ","service":"booking-api"}
{"level":"info","message":"GET /users | Status: 200 | Duration: 2ms ","service":"booking-api"}
{"level":"info","message":"POST /login | Status: 200 | Duration: 2ms ","service":"booking-api"}
{"level":"info","message":"POST /users | Status: 200 | Duration: 7ms ","service":"booking-api"}
{"level":"info","message":"POST /login | Status: 200 | Duration: 1ms ","service":"booking-api"}
{"level":"info","message":"GET /hosts/e2345678-90bc-def0-0123-456789abcdef | Status: 200 | Duration: 4ms ","service":"booking-api"}
{"level":"info","message":"POST /login | Status: 200 | Duration: 2ms ","service":"booking-api"}
{"level":"info","message":"PUT /hosts/e2345678-90bc-def0-0123-456789abcdef | Status: 200 | Duration: 6ms ","service":"booking-api"}
{"level":"info","message":"POST /login | Status: 200 | Duration: 1ms ","service":"booking-api"}
{"level":"info","message":"DELETE /hosts/e2345678-90bc-def0-0123-456789abcdef | Status: 200 | Duration: 6ms ","service":"booking-api"}
{"level":"info","message":"POST /login | Status: 200 | Duration: 2ms ","service":"booking-api"}
{"level":"info","message":"GET /hosts | Status: 200 | Duration: 2ms ","service":"booking-api"}
{"level":"info","message":"POST /login | Status: 200 | Duration: 1ms ","service":"booking-api"}
{"level":"info","message":"POST /hosts | Status: 200 | Duration: 5ms ","service":"booking-api"}
{"level":"info","message":"POST /login | Status: 200 | Duration: 1ms ","service":"booking-api"}
{"level":"info","message":"GET /properties/i1234567-89f0-1234-5678-9abcdef01234 | Status: 200 | Duration: 1ms ","service":"booking-api"}
{"level":"info","message":"POST /login | Status: 200 | Duration: 2ms ","service":"booking-api"}
{"level":"info","message":"PUT /properties/i1234567-89f0-1234-5678-9abcdef01234 | Status: 200 | Duration: 8ms ","service":"booking-api"}
{"level":"info","message":"POST /login | Status: 200 | Duration: 1ms ","service":"booking-api"}
{"level":"info","message":"DELETE /properties/i1234567-89f0-1234-5678-9abcdef01234 | Status: 200 | Duration: 4ms ","service":"booking-api"}
{"level":"info","message":"POST /login | Status: 200 | Duration: 2ms ","service":"booking-api"}
{"level":"info","message":"GET /properties | Status: 200 | Duration: 2ms ","service":"booking-api"}
{"level":"info","message":"POST /login | Status: 200 | Duration: 1ms ","service":"booking-api"}
{"level":"info","message":"POST /properties | Status: 200 | Duration: 4ms ","service":"booking-api"}
{"level":"info","message":"POST /login | Status: 200 | Duration: 2ms ","service":"booking-api"}
{"level":"info","message":"GET /amenities/u3456789-01rs-tuvw-01cd-ef0123456789 | Status: 200 | Duration: 2ms ","service":"booking-api"}
{"level":"info","message":"POST /login | Status: 200 | Duration: 2ms ","service":"booking-api"}
{"level":"info","message":"PUT /amenities/u3456789-01rs-tuvw-01cd-ef0123456789 | Status: 200 | Duration: 10ms ","service":"booking-api"}
{"level":"info","message":"POST /login | Status: 200 | Duration: 2ms ","service":"booking-api"}
{"level":"info","message":"DELETE /amenities/u3456789-01rs-tuvw-01cd-ef0123456789 | Status: 200 | Duration: 4ms ","service":"booking-api"}
{"level":"info","message":"POST /login | Status: 200 | Duration: 3ms ","service":"booking-api"}
{"level":"info","message":"GET /amenities | Status: 200 | Duration: 2ms ","service":"booking-api"}
{"level":"info","message":"POST /login | Status: 200 | Duration: 2ms ","service":"booking-api"}
{"level":"info","message":"POST /amenities | Status: 200 | Duration: 5ms ","service":"booking-api"}
{"level":"info","message":"POST /login | Status: 200 | Duration: 2ms ","service":"booking-api"}
{"level":"info","message":"GET /bookings/f0123456-78ab-cdef-0123-456789abcdef | Status: 200 | Duration: 1ms ","service":"booking-api"}
{"level":"info","message":"POST /login | Status: 200 | Duration: 3ms ","service":"booking-api"}
{"level":"info","message":"PUT /bookings/f0123456-78ab-cdef-0123-456789abcdef | Status: 200 | Duration: 4ms ","service":"booking-api"}
{"level":"info","message":"POST /login | Status: 200 | Duration: 2ms ","service":"booking-api"}
{"level":"info","message":"DELETE /bookings/f0123456-78ab-cdef-0123-456789abcdef | Status: 200 | Duration: 5ms ","service":"booking-api"}
{"level":"info","message":"POST /login | Status: 200 | Duration: 2ms ","service":"booking-api"}
{"level":"info","message":"GET /bookings | Status: 200 | Duration: 2ms ","service":"booking-api"}
{"level":"info","message":"POST /login | Status: 200 | Duration: 1ms ","service":"booking-api"}
{"level":"info","message":"POST /bookings | Status: 200 | Duration: 11ms ","service":"booking-api"}
{"level":"info","message":"POST /login | Status: 200 | Duration: 2ms ","service":"booking-api"}
{"level":"info","message":"GET /reviews/j0123456-78f0-1234-5678-9abcdef01234 | Status: 200 | Duration: 2ms ","service":"booking-api"}
{"level":"info","message":"POST /login | Status: 200 | Duration: 2ms ","service":"booking-api"}
{"level":"info","message":"PUT /reviews/j0123456-78f0-1234-5678-9abcdef01234 | Status: 200 | Duration: 5ms ","service":"booking-api"}
{"level":"info","message":"POST /login | Status: 200 | Duration: 1ms ","service":"booking-api"}
{"level":"info","message":"DELETE /reviews/j0123456-78f0-1234-5678-9abcdef01234 | Status: 200 | Duration: 5ms ","service":"booking-api"}
{"level":"info","message":"POST /login | Status: 200 | Duration: 2ms ","service":"booking-api"}
{"level":"info","message":"GET /reviews | Status: 200 | Duration: 2ms ","service":"booking-api"}
{"level":"info","message":"POST /login | Status: 200 | Duration: 1ms ","service":"booking-api"}
{"level":"info","message":"POST /reviews | Status: 200 | Duration: 8ms ","service":"booking-api"}
{"level":"info","message":"POST /login | Status: 200 | Duration: 1ms ","service":"booking-api"}
{"level":"info","message":"POST /login | Status: 200 | Duration: 1ms ","service":"booking-api"}
{"level":"info","message":"POST /login | Status: 200 | Duration: 10ms ","service":"booking-api"}
{"level":"info","message":"PUT /bookings | Status: 404 | Duration: 2ms ","service":"booking-api"}
{"level":"info","message":"POST /bookings | Status: 200 | Duration: 29ms ","service":"booking-api"}
{"level":"info","message":"DELETE /bookings/115213c7-5e1a-4885-b5ce-f9f9c24b7220 | Status: 200 | Duration: 11ms ","service":"booking-api"}
{"level":"info","message":"DELETE /bookings/115213c7-5e1a-4885-b5ce-f9f9c24b7220 | Status: 200 | Duration: 11ms ","service":"booking-api"}
{"level":"info","message":"DELETE /bookings/115213c7-5e1a-4885-b5ce-f9f9c24b7220 | Status: 200 | Duration: 1ms ","service":"booking-api"}
{"level":"info","message":"DELETE /bookings/115213c7-5e1a-4885-b5ce-f9f9c24b7220 | Status: 200 | Duration: 8ms ","service":"booking-api"}
{"level":"info","message":"DELETE /bookings/115213c7-5e1a-4885-b5ce-f9f9c24b7220 | Status: 200 | Duration: 3ms ","service":"booking-api"}
{"level":"info","message":"GET /bookings | Status: 200 | Duration: 3ms ","service":"booking-api"}
{"level":"info","message":"DELETE /bookings/115213c7-5e1a-4885-b5ce-f9f9c24b7220 | Status: 200 | Duration: 3ms ","service":"booking-api"}
{"level":"info","message":"GET /bookings/115213c7-5e1a-4885-b5ce-f9f9c24b7220 | Status: 200 | Duration: 2ms ","service":"booking-api"}
{"level":"info","message":"DELETE /bookings/115213c7-5e1a-4885-b5ce-f9f9c24b7220 | Status: 200 | Duration: 5ms ","service":"booking-api"}
{"level":"info","message":"DELETE /bookings/115213c7-5e1a-4885-b5ce-f9f9c24b7220 | Status: 200 | Duration: 6ms ","service":"booking-api"}
{"level":"info","message":"DELETE /bookings/115213c7-5e1a-4885-b5ce-f9f9c24b7220 | Status: 200 | Duration: 2ms ","service":"booking-api"}
{"level":"info","message":"DELETE /bookings/115213c7-5e1a-4885-b5ce-f9f9c24b7220 | Status: 200 | Duration: 8ms ","service":"booking-api"}
